0 info it worked if it ends with ok
1 verbose cli [ '/usr/bin/node', '/usr/bin/npm', 'run', 'build-react' ]
2 info using npm@3.5.2
3 info using node@v8.10.0
4 verbose run-script [ 'prebuild-react', 'build-react', 'postbuild-react' ]
5 info lifecycle dev_source@1.0.0~prebuild-react: dev_source@1.0.0
6 silly lifecycle dev_source@1.0.0~prebuild-react: no script for prebuild-react, continuing
7 info lifecycle dev_source@1.0.0~build-react: dev_source@1.0.0
8 verbose lifecycle dev_source@1.0.0~build-react: unsafe-perm in lifecycle true
9 verbose lifecycle dev_source@1.0.0~build-react: PATH: /usr/share/npm/bin/node-gyp-bin:/home/lakshya/Tech/Apps/sharebooks/Web-Server/source/node_modules/.bin:/usr/local/sbin:/usr/local/bin:/usr/sbin:/usr/bin:/sbin:/bin:/usr/games:/usr/local/games:/snap/bin
10 verbose lifecycle dev_source@1.0.0~build-react: CWD: /home/lakshya/Tech/Apps/sharebooks/Web-Server/source
11 silly lifecycle dev_source@1.0.0~build-react: Args: [ '-c', 'webpack --watch --config ./config/webpack.config.js' ]
12 silly lifecycle dev_source@1.0.0~build-react: Returned: code: 1  signal: null
13 info lifecycle dev_source@1.0.0~build-react: Failed to exec build-react script
14 verbose stack Error: dev_source@1.0.0 build-react: `webpack --watch --config ./config/webpack.config.js`
14 verbose stack Exit status 1
14 verbose stack     at EventEmitter.<anonymous> (/usr/share/npm/lib/utils/lifecycle.js:232:16)
14 verbose stack     at emitTwo (events.js:126:13)
14 verbose stack     at EventEmitter.emit (events.js:214:7)
14 verbose stack     at ChildProcess.<anonymous> (/usr/share/npm/lib/utils/spawn.js:24:14)
14 verbose stack     at emitTwo (events.js:126:13)
14 verbose stack     at ChildProcess.emit (events.js:214:7)
14 verbose stack     at maybeClose (internal/child_process.js:925:16)
14 verbose stack     at Process.ChildProcess._handle.onexit (internal/child_process.js:209:5)
15 verbose pkgid dev_source@1.0.0
16 verbose cwd /home/lakshya/Tech/Apps/sharebooks/Web-Server/source
17 error Linux 4.18.0-20-generic
18 error argv "/usr/bin/node" "/usr/bin/npm" "run" "build-react"
19 error node v8.10.0
20 error npm  v3.5.2
21 error code ELIFECYCLE
22 error dev_source@1.0.0 build-react: `webpack --watch --config ./config/webpack.config.js`
22 error Exit status 1
23 error Failed at the dev_source@1.0.0 build-react script 'webpack --watch --config ./config/webpack.config.js'.
23 error Make sure you have the latest version of node.js and npm installed.
23 error If you do, this is most likely a problem with the dev_source package,
23 error not with npm itself.
23 error Tell the author that this fails on your system:
23 error     webpack --watch --config ./config/webpack.config.js
23 error You can get information on how to open an issue for this project with:
23 error     npm bugs dev_source
23 error Or if that isn't available, you can get their info via:
23 error     npm owner ls dev_source
23 error There is likely additional logging output above.
24 verbose exit [ 1, true ]
